<?xml version="1.0" encoding="UTF-8"?>
<!-- Generated by org.testng.reporters.JUnitReportReporter -->
<testsuite skipped="0" hostname="Xiho-Icy" name="com.PageTest.back.NewsNewsTest" tests="9" failures="0" timestamp="12 十二月 2017 00:43:37 GMT" time="87.330" errors="0">
  <testcase name="News3" time="6.639" classname="com.PageTest.back.NewsNewsTest"/>
  <testcase name="News5" time="7.022" classname="com.PageTest.back.NewsNewsTest"/>
  <testcase name="News1" time="7.229" classname="com.PageTest.back.NewsNewsTest"/>
  <testcase name="News2" time="6.796" classname="com.PageTest.back.NewsNewsTest"/>
  <testcase name="News6" time="6.651" classname="com.PageTest.back.NewsNewsTest"/>
  <testcase name="News5" time="6.675" classname="com.PageTest.back.NewsNewsTest"/>
  <testcase name="News" time="19.935" classname="com.PageTest.back.NewsNewsTest"/>
  <testcase name="Login" time="19.707" classname="com.PageTest.back.NewsNewsTest"/>
  <testcase name="News4" time="6.676" classname="com.PageTest.back.NewsNewsTest"/>
</testsuite> <!-- com.PageTest.back.NewsNewsTest -->
