<?xml version="1.0" encoding="UTF-8"?>
<!-- Generated by org.testng.reporters.JUnitReportReporter -->
<testsuite skipped="0" hostname="Xiho-Icy" name="com.PageTest.NpttTest" tests="6" failures="0" timestamp="06 十二月 2017 07:52:05 GMT" time="28.311" errors="0">
  <testcase name="Login" time="3.184" classname="com.PageTest.NpttTest"/>
  <testcase name="timeClick" time="5.039" classname="com.PageTest.NpttTest"/>
  <testcase name="talkClick" time="5.027" classname="com.PageTest.NpttTest"/>
  <testcase name="underClick" time="5.001" classname="com.PageTest.NpttTest"/>
  <testcase name="priceClick" time="5.022" classname="com.PageTest.NpttTest"/>
  <testcase name="proceedsClick" time="5.038" classname="com.PageTest.NpttTest"/>
</testsuite> <!-- com.PageTest.NpttTest -->
