<?xml version="1.0" encoding="UTF-8"?>
<!-- Generated by org.testng.reporters.JUnitReportReporter -->
<testsuite hostname="Xiho-Icy" name="com.PageTest.back.MemberReviseTest" tests="2" failures="0" timestamp="14 Dec 2017 12:29:09 GMT" time="52.891" errors="0">
  <testcase name="Revise" time="28.464" classname="com.PageTest.back.MemberReviseTest"/>
  <testcase name="Login" time="24.427" classname="com.PageTest.back.MemberReviseTest"/>
</testsuite> <!-- com.PageTest.back.MemberReviseTest -->
