<?xml version="1.0" encoding="UTF-8"?>
<!-- Generated by org.testng.reporters.JUnitReportReporter -->
<testsuite hostname="Xiho-Icy" name="com.PageTest.back.MemberDeleteTest" tests="2" failures="0" timestamp="14 Dec 2017 06:19:29 GMT" time="42.933" errors="0">
  <testcase name="MDelete" time="19.114" classname="com.PageTest.back.MemberDeleteTest"/>
  <testcase name="Login" time="23.819" classname="com.PageTest.back.MemberDeleteTest"/>
</testsuite> <!-- com.PageTest.back.MemberDeleteTest -->
