<?xml version="1.0" encoding="UTF-8"?>
<!-- Generated by org.testng.reporters.JUnitReportReporter -->
<testsuite skipped="0" hostname="Xiho-Icy" name="com.PageTest.back.MemberReviseTest" tests="2" failures="0" timestamp="08 十二月 2017 03:13:41 GMT" time="45.354" errors="0">
  <testcase name="Login" time="18.393" classname="com.PageTest.back.MemberReviseTest"/>
  <testcase name="Member" time="26.961" classname="com.PageTest.back.MemberReviseTest"/>
</testsuite> <!-- com.PageTest.back.MemberReviseTest -->
