<?xml version="1.0" encoding="UTF-8"?>
<!-- Generated by org.testng.reporters.JUnitReportReporter -->
<testsuite skipped="0" hostname="Xiho-Icy" name="com.PageTest.forword.BrandClickTest" tests="2" failures="0" timestamp="08 十二月 2017 06:52:49 GMT" time="43.892" errors="0">
  <testcase name="Click" time="27.361" classname="com.PageTest.forword.BrandClickTest"/>
  <testcase name="Login" time="16.531" classname="com.PageTest.forword.BrandClickTest"/>
</testsuite> <!-- com.PageTest.forword.BrandClickTest -->
