<?xml version="1.0" encoding="UTF-8"?>
<!-- Generated by org.testng.reporters.JUnitReportReporter -->
<testsuite skipped="0" hostname="Xiho-Icy" name="com.PageTest.SizeTest" tests="3" failures="0" timestamp="06 十二月 2017 08:37:48 GMT" time="8.488" errors="0">
  <testcase name="sizeClick" time="0.048" classname="com.PageTest.SizeTest"/>
  <testcase name="underClick" time="5.001" classname="com.PageTest.SizeTest"/>
  <testcase name="Login" time="3.439" classname="com.PageTest.SizeTest"/>
</testsuite> <!-- com.PageTest.SizeTest -->
