<?xml version="1.0" encoding="UTF-8"?>
<!-- Generated by org.testng.reporters.JUnitReportReporter -->
<testsuite skipped="0" hostname="Xiho-Icy" name="com.PageTest.RecommendTest" tests="9" failures="0" timestamp="06 十二月 2017 08:52:04 GMT" time="13.262" errors="0">
  <testcase name="goodClick" time="5.015" classname="com.PageTest.RecommendTest"/>
  <testcase name="priceReduction" time="0.028" classname="com.PageTest.RecommendTest"/>
  <testcase name="Login" time="3.090" classname="com.PageTest.RecommendTest"/>
  <testcase name="addtoCart" time="0.012" classname="com.PageTest.RecommendTest"/>
  <testcase name="selectAdd" time="0.045" classname="com.PageTest.RecommendTest"/>
  <testcase name="selectColor" time="0.024" classname="com.PageTest.RecommendTest"/>
  <testcase name="underClick" time="5.002" classname="com.PageTest.RecommendTest"/>
  <testcase name="addNum" time="0.023" classname="com.PageTest.RecommendTest"/>
  <testcase name="selectSize" time="0.023" classname="com.PageTest.RecommendTest"/>
</testsuite> <!-- com.PageTest.RecommendTest -->
