<?xml version="1.0" encoding="UTF-8"?>
<!-- Generated by org.testng.reporters.JUnitReportReporter -->
<testsuite hostname="Xiho-Icy" name="com.PageTest.back.NewsNewsTest" tests="9" failures="0" timestamp="14 Dec 2017 12:29:09 GMT" time="93.060" errors="0">
  <testcase name="News5" time="6.619" classname="com.PageTest.back.NewsNewsTest"/>
  <testcase name="News" time="20.743" classname="com.PageTest.back.NewsNewsTest"/>
  <testcase name="Login" time="24.342" classname="com.PageTest.back.NewsNewsTest"/>
  <testcase name="News3" time="6.609" classname="com.PageTest.back.NewsNewsTest"/>
  <testcase name="News4" time="6.728" classname="com.PageTest.back.NewsNewsTest"/>
  <testcase name="News1" time="7.529" classname="com.PageTest.back.NewsNewsTest"/>
  <testcase name="News2" time="7.105" classname="com.PageTest.back.NewsNewsTest"/>
  <testcase name="News5" time="6.696" classname="com.PageTest.back.NewsNewsTest"/>
  <testcase name="News6" time="6.689" classname="com.PageTest.back.NewsNewsTest"/>
</testsuite> <!-- com.PageTest.back.NewsNewsTest -->
