<?xml version="1.0" encoding="UTF-8"?>
<!-- Generated by org.testng.reporters.JUnitReportReporter -->
<testsuite skipped="0" hostname="Xiho-Icy" name="com.PageTest.UnderclothesPrice" tests="7" failures="0" timestamp="06 十二月 2017 00:59:39 GMT" time="33.517" errors="0">
  <testcase name="Login" time="3.292" classname="com.PageTest.UnderclothesPrice"/>
  <testcase name="LB" time="5.052" classname="com.PageTest.UnderclothesPrice"/>
  <testcase name="ZB" time="5.037" classname="com.PageTest.UnderclothesPrice"/>
  <testcase name="underClick" time="5.003" classname="com.PageTest.UnderclothesPrice"/>
  <testcase name="vz" time="5.022" classname="com.PageTest.UnderclothesPrice"/>
  <testcase name="priceClick" time="5.044" classname="com.PageTest.UnderclothesPrice"/>
  <testcase name="BL" time="5.067" classname="com.PageTest.UnderclothesPrice"/>
</testsuite> <!-- com.PageTest.UnderclothesPrice -->
