<?xml version="1.0" encoding="UTF-8"?>
<!-- Generated by org.testng.reporters.JUnitReportReporter -->
<testsuite skipped="0" hostname="Xiho-Icy" name="com.PageTest.back.BackLoginPageTest" tests="1" failures="0" timestamp="08 十二月 2017 01:24:11 GMT" time="15.191" errors="0">
  <testcase name="loginSuccess" time="15.191" classname="com.PageTest.back.BackLoginPageTest"/>
</testsuite> <!-- com.PageTest.back.BackLoginPageTest -->
