<?xml version="1.0" encoding="UTF-8"?>
<!-- Generated by org.testng.reporters.JUnitReportReporter -->
<testsuite skipped="0" hostname="Xiho-Icy" name="com.PageTest.Sport" tests="3" failures="0" timestamp="05 十二月 2017 08:58:23 GMT" time="16.214" errors="0">
  <testcase name="Rush1" time="3.046" classname="com.PageTest.Sport"/>
  <testcase name="sportClick" time="5.048" classname="com.PageTest.Sport"/>
  <testcase name="Login" time="8.120" classname="com.PageTest.Sport"/>
</testsuite> <!-- com.PageTest.Sport -->
