<?xml version="1.0" encoding="UTF-8"?>
<!-- Generated by org.testng.reporters.JUnitReportReporter -->
<testsuite skipped="0" hostname="Xiho-Icy" name="com.PageTest.brand" tests="2" failures="0" timestamp="05 十二月 2017 09:04:04 GMT" time="53.484" errors="0">
  <testcase name="Login" time="8.107" classname="com.PageTest.brand"/>
  <testcase name="Click" time="45.377" classname="com.PageTest.brand"/>
</testsuite> <!-- com.PageTest.brand -->
