<?xml version="1.0" encoding="UTF-8"?>
<!-- Generated by org.testng.reporters.JUnitReportReporter -->
<testsuite skipped="0" hostname="Xiho-Icy" name="com.PageTest.back.MemberDeleteTest" tests="2" failures="0" timestamp="08 十二月 2017 06:45:07 GMT" time="43.793" errors="0">
  <testcase name="Member" time="24.191" classname="com.PageTest.back.MemberDeleteTest"/>
  <testcase name="Login" time="19.602" classname="com.PageTest.back.MemberDeleteTest"/>
</testsuite> <!-- com.PageTest.back.MemberDeleteTest -->
