<?xml version="1.0" encoding="UTF-8"?>
<!-- Generated by org.testng.reporters.JUnitReportReporter -->
<testsuite hostname="Xiho-Icy" name="com.PageTest.forword.BrandClickTest" tests="2" failures="0" timestamp="14 Dec 2017 12:29:09 GMT" time="75.115" errors="0">
  <testcase name="Click" time="56.375" classname="com.PageTest.forword.BrandClickTest"/>
  <testcase name="Login" time="18.740" classname="com.PageTest.forword.BrandClickTest"/>
</testsuite> <!-- com.PageTest.forword.BrandClickTest -->
