<?xml version="1.0" encoding="UTF-8"?>
<!-- Generated by org.testng.reporters.JUnitReportReporter -->
<testsuite hostname="Xiho-Icy" name="com.PageTest.back.NewsNoticesTest" tests="8" failures="0" timestamp="14 Dec 2017 12:29:09 GMT" time="82.852" errors="0">
  <testcase name="Notice4" time="6.888" classname="com.PageTest.back.NewsNoticesTest"/>
  <testcase name="Notice5" time="7.077" classname="com.PageTest.back.NewsNoticesTest"/>
  <testcase name="Notice2" time="6.718" classname="com.PageTest.back.NewsNoticesTest"/>
  <testcase name="Notice4" time="7.236" classname="com.PageTest.back.NewsNoticesTest"/>
  <testcase name="Notice3" time="7.249" classname="com.PageTest.back.NewsNoticesTest"/>
  <testcase name="Notice1" time="6.758" classname="com.PageTest.back.NewsNoticesTest"/>
  <testcase name="Login" time="24.615" classname="com.PageTest.back.NewsNoticesTest"/>
  <testcase name="Notice" time="16.311" classname="com.PageTest.back.NewsNoticesTest"/>
</testsuite> <!-- com.PageTest.back.NewsNoticesTest -->
